<?xml version="1.0" encoding="UTF-8"?>
<!-- Generated by org.testng.reporters.JUnitReportReporter -->
<testsuite hostname="Jain-sumit" failures="0" tests="1" name="demo.DemoTest" time="0.009" errors="0" timestamp="06 May 2021 18:35:52 GMT" skipped="0">
  <testcase classname="demo.DemoTest" name="demo" time="0.009"/>
</testsuite> <!-- demo.DemoTest -->
