<?xml version="1.0" encoding="UTF-8"?>
<!-- Generated by org.testng.reporters.JUnitReportReporter -->
<testsuite hostname="Jain-sumit" failures="0" tests="1" name="demo.DemoTest1" time="5.274" errors="0" timestamp="06 May 2021 19:00:28 GMT" skipped="0">
  <testcase classname="demo.DemoTest1" name="setup" time="5.274"/>
</testsuite> <!-- demo.DemoTest1 -->
